#
#
#
#
#
#    Don't try viewing this report without a plog-converter utility!!!
#
#    plog-converter -a GA:1,2 -t tasklist -o report.tasks /path/to/this/file.log
#
#    A link to the documentation: https://pvs-studio.com/en/docs/manual/0036/
#
#
#
#
#
d99cf3ba-6fcd-43f9-9260-1179fa3a9bed
dR'8_uR%Rr[i[RER'haa@->uR%Rcccc- c; uaa8a;_-=s^^RER']uR%bGVER U2=u$2UaPR% U2=uER2uvu2R%xERPu==UjuR%R,LucN_-=sNck8->ouac]U=cho-2-:u_c9u 8auc-oc]U=cvua- -u_cUjU->=oc>h22koa}c{Lu'sc2->u=%c[[JEc[G[}RER>u/o@->uR%RccccdRERk8=-o-8>=R%!dR -2uR%R(a88o(O88o28U_ua(O6T.(9P =}'RER2->u=R%![[JE[G["B"ERkauv@->uR%RcccdRER=U=o1_R%R{<C,w<M\xJw{RB
dR'8_uR%RrxS*JRER'haa@->uR%Rccck<>oafcmc;=oah'ocO6T.<>oafc+^;_-aK'8kfctco->oc+cVb^nc((ck8->o=co8coLuc'haau>oc_-au'o8afcu>oafRER']uR%Xb*ER U2=u$2UaPR% U2=uER2uvu2R%JERPu==UjuR%R,Luck8->ouacN_-aK'8kfNc-=c'U=oco8cUcP8auc=oa-'o2fcU2-j>u_ck8->ouacofku}RER>u/o@->uR%Rccc- c;k<>oafw3T-2uQUPu!S"cmmcS/SS^c((cu>_c8 c_-au'o8afRERk8=-o-8>=R%!dR -2uR%R(a88o(O88o28U_ua(O6T.(9P =}'RER2->u=R%!V*X"B"ERkauv@->uR%RccdRER=U=o1_R%R{<C,w<M\*Vw{RB
dR'8_uR%RrxS*JRER'haa@->uR%Rcck<>oafcmc;=oah'ocO6T.<>oafc+^;F-au'o8afctc -a=oK auuKu>oafc+cVb^nRER']uR%Xb*ER U2=u$2UaPR% U2=uER2uvu2R%JERPu==UjuR%R,Luck8->ouacNF-au'o8afNc-=c'U=oco8cUcP8auc=oa-'o2fcU2-j>u_ck8->ouacofku}RER>u/o@->uR%Rcck<>oafw3.oUao->jO28'scmc>u]K -2uK=oUaonRERk8=-o-8>=R%!dR -2uR%R(a88o(O88o28U_ua(O6T.(9P =}'RER2->u=R%!Vib"B"ERkauv@->uR%Rcc((c$__c -2ucau'8a_co8cF-au'o8afRER=U=o1_R%R{<C,w<M\*Vw{RB
dR'8_uR%Rr[G[RER'haa@->uR%RccPuP=uo;9h  uaEcSEc9h  ua.-:u^nRER']uR%VJXER U2=u$2UaPR% U2=uER2uvu2R%*ERPu==UjuR%R,Luck8ou>o-U2c>h22ck8->ouac-=ckU==u_c->o8cNPuP=uoNc h>'o-8>}c1>=ku'ocoLuc -a=ocUajhPu>o}RER>u/o@->uR%Rcc]a-ou.-:ucmcSnRERk8=-o-8>=R%!dR -2uR%R(a88o(O88o28U_ua(O6T.(9P =}'RER2->u=R%!b[J"B"ERkauv@->uR%Rcc_8h92uckua'u>onRER=U=o1_R%R{<C,w<M\*Gw{RB
dR'8_uR%Rr[G[RER'haa@->uR%Rccau]->_;_-=s^nRER']uR%VJXER U2=u$2UaPR% U2=uER2uvu2R%*ERPu==UjuR%R,Luck8ou>o-U2c>h22ck8->ouac-=ckU==u_c->o8cNau]->_Nc h>'o-8>}c1>=ku'ocoLuc -a=ocUajhPu>o}RER>u/o@->uR%Rcc 8aPUo;^nRERk8=-o-8>=R%!dR -2uR%R(a88o(O88o28U_ua(O6T.(9P =}'RER2->u=R%!bXJ"B"ERkauv@->uR%RcdRER=U=o1_R%R{<C,w<M\*Gw{RB
dR'8_uR%Rr[GVRER'haa@->uR%Rcka->o ;)RY=))>F-=sc.-:u%cY_c6-O))>)REc_-=s>UPuEc_-=s=-:u^nRER']uR%VJXER U2=u$2UaPR% U2=uER2uvu2R%*ERPu==UjuR%R1>'8aau'oc 8aPUo}c{8>=-_uac'Lu's->jcoLucoL-a_cU'ohU2cUajhPu>oc8 coLucNka->o Nc h>'o-8>}c,Luc.1HQ<Fc->oujuacofkucUajhPu>oc-=cu/ku'ou_}RER>u/o@->uR%Rcka->o ;)RQUPuccccccccccccccccccccccccccccpcccccccccccc.-:uc;O^pccccccCu=uavu_c;6-O^))>)R^nRERk8=-o-8>=R%!dR -2uR%R(a88o(O88o28U_ua(O6T.(9P =}'RER2->u=R%!J*X"B"ER=U=o1_R%R{<C,wT1?bGw{RB
dR'8_uR%Rr[GVRER'haa@->uR%Rcccka->o ;)RYw*J=cYJS22_cYJS22_))>)REcu>oaf}T-2uQUPuEcu>oaf}T-2u.-:uEc;u>oaf}Cu=uavu_O28's=+J^^nRER']uR%VJXER U2=u$2UaPR% U2=uER2uvu2R%*ERPu==UjuR%R1>'8aau'oc 8aPUo}c{8>=-_uac'Lu's->jcoLuc 8haoLcU'ohU2cUajhPu>oc8 coLucNka->o Nc h>'o-8>}c,Luc.1HQ<Fc->oujuacofkucUajhPu>oc-=cu/ku'ou_}RER>u/o@->uR%RccBRERk8=-o-8>=R%!dR -2uR%R(a88o(O88o28U_ua(O6T.(9P =}'RER2->u=R%!J[b"B"ERkauv@->uR%RccdRER=U=o1_R%R{<C,wT1?bGw{RB
dR'8_uR%Rr[GVRER'haa@->uR%Rcccka->o ;)RYw*J=cYJS22_cYJS22_))>)REcu>oaf}T-2uQUPuEcu>oaf}T-2u.-:uEc;u>oaf}Cu=uavu_O28's=+J^^nRER']uR%VJXER U2=u$2UaPR% U2=uER2uvu2R%*ERPu==UjuR%R1>'8aau'oc 8aPUo}c{8>=-_uac'Lu's->jcoLucoL-a_cU'ohU2cUajhPu>oc8 coLucNka->o Nc h>'o-8>}c,Luc.1HQ<Fc->oujuacofkucUajhPu>oc-=cu/ku'ou_}RER>u/o@->uR%RccBRERk8=-o-8>=R%!dR -2uR%R(a88o(O88o28U_ua(O6T.(9P =}'RER2->u=R%!J[b"B"ERkauv@->uR%RccdRER=U=o1_R%R{<C,wT1?bGw{RB
dR'8_uR%Rr[GVRER'haa@->uR%Rcccka->o ;)R<aa8a%cg>U92uco8c8ku>cY=c -2ucNY=N))>)REc988oT-2u,fkuEc988o^nRER']uR%VXGER U2=u$2UaPR% U2=uER2uvu2R%*ERPu==UjuR%R1>'8aau'oc 8aPUo}c{8>=-_uac'Lu's->jcoLuc=u'8>_cU'ohU2cUajhPu>oc8 coLucNka->o Nc h>'o-8>}cg>_uac'uaoU->c'8>_-o-8>=coLuck8->ouac'U>c9uc>h22}RER>u/o@->uR%RcccauocmcxnRERk8=-o-8>=R%!dR -2uR%R(a88o(O88o28U_ua(O6T.(9P =}'RER2->u=R%!bSX"B"ERkauv@->uR%RccdRER=U=o1_R%R{<C,wF{@xxw{RB
dR'8_uR%Rr[GVRER'haa@->uR%Rcccka->o ;)R{U>>8oc'auUouc -2uc8 c=-:ucY22_c6-O}))>)REcPU/=-:u^nRER']uR%VJXER U2=u$2UaPR% U2=uER2uvu2R%*ERPu==UjuR%R1>'8aau'oc 8aPUo}c{8>=-_uac'Lu's->jcoLuc=u'8>_cU'ohU2cUajhPu>oc8 coLucNka->o Nc h>'o-8>}c,Luc.1HQ<Fc->oujuacofkucUajhPu>oc-=cu/ku'ou_}RER>u/o@->uR%Rcccauoha>nRERk8=-o-8>=R%!dR -2uR%R(a88o(O88o28U_ua(O6T.(9P =}'RER2->u=R%!VXi"B"ERkauv@->uR%RccdRER=U=o1_R%R{<C,wT1?bGw{RB
dR'8_uR%Rr[XbRER'haa@->uR%Rccc- c;_-=s.-:uc+cxSJbc3c_-=s.-:uc^c((c6Usuc=hauc]uc_8>Noc8vua 28]RER']uR%bXSER U2=u$2UaPR% U2=uER2uvu2R%*ERPu==UjuR%R,LucN_-=s.-:uNcvU2huc-=ckau=u>oc8>c98oLc=-_u=c8 coLucN3Nc8kuaUo8a}c,Lucu/kau==-8>c-=c->'8aau'oc8ac-oc'U>c9uc=-Pk2- -u_}RER>u/o@->uR%RcccdRERk8=-o-8>=R%!dR -2uR%R(a88o(O88o28U_ua(O6T.(9P =}'RER2->u=R%!*Vi"B"ERkauv@->uR%RccdRB
dR'8_uR%RrxSSbRER'haa@->uR%Rcccka->o ;)R<aa8a%cTU-2u_co8cauU_c -2ucNY=N))>)REcP9a^nRER']uR%VXGER U2=u$2UaPR% U2=uER2uvu2R%*ERPu==UjuR%R,LucNP9aNck8->ouac]U=ch=u_ch>=U u2fcU ouac-oc]U=cvua- -u_cUjU->=oc>h22koa}c{Lu'sc2->u=%c*iJEc[Sx}RER>u/o@->uR%RcccauocmcxnRERk8=-o-8>=R%!dR -2uR%R(a88o(O88o28U_ua(O6T.(9P =}'RER2->u=R%![SxE*iJ"B"ERkauv@->uR%RccdRER=U=o1_R%R{<C,w<M\*bw{RB
dR'8_uR%RrxxSGRER'haa@->uR%Rcsuf98Ua_IU>_2ua;-> 8Cuj=^nRER U2=u$2UaPR% U2=uER2uvu2R%*ERPu==UjuR%RTh>'o-8>c_u'2Uau_cU=cU''uko->jch>=ku'- -u_c>hP9uac8 ckUaUPuoua=c-=c'U22u_c]-oLcNxNcUajhPu>o=}c{8>=-_uacu/k2-'-o2fc=ku'- f->jcoLuc h>'o-8>ckUaUPuoua=c2-=o}RER>u/o@->uR%RBRERk8=-o-8>=R%!dR -2uR%R(a88o(`ua>u2(1>ouaahko-8>=(-a~F-=kUo'Lua}'RER2->u=R%!J["B"ERkauv@->uR%Rv8-_c->oKJx;h->oVbKoc-> 8Cuj=^dRB
dR'8_uR%RrGGiRER'haa@->uR%Rcccccccc=uoK'auUo->j;S^nRER']uR%[VxER U2=u$2UaPR% U2=uER2uvu2R%JERPu==UjuR%Rg>auU'LU92uc'8_uc_uou'ou_}c1oc-=ck8==-92ucoLUocU>cuaa8ac-=ckau=u>o}RER>u/o@->uR%RccccBRERk8=-o-8>=R%!dR -2uR%R(a88o(`ua>u2(\a8'u==u=(ka8'u==u=}'RER2->u=R%!xSV"B"ERkauv@->uR%Rccccccccauoha>cwxnRER=U=o1_R%R{<C,w6.{xJw{RB
dR'8_uR%Rr[JbRER'haa@->uR%Rh->oxVKocjuoKk-_;^dRER U2=u$2UaPR% U2=uER2uvu2R%*ERPu==UjuR%R1oc-=c8__coLUocoLuc98_fc8 cNjuoKk-_Nc h>'o-8>c-=c h22fcu~h-vU2u>oco8coLuc98_fc8 cNjuoKah>>->jKka8'u==Kk-_Nc h>'o-8>}RER>u/o@->uR%Rccccauoha>c='Lu_h2uaw3ah>>->jKk-_nRERk8=-o-8>=R%!dR -2uR%R(a88o(`ua>u2(\a8'u==u=(='Lu_h2ua}'RER2->u=R%!xXJExbS"B"B
dR'8_uR%Rr[VSRER'haa@->uR%Rccccc- c;k-_cmmcF<T$g@,K\1Fcppck-_c3mc6$MK\C?{<..<.cppc>u]Kkcyc61QK\C1?C1,ecppc>u]Kkc3c6$MK\C1?C1,e^dRER']uR%[GSER U2=u$2UaPR% U2=uER2uvu2R%*ERPu==UjuR%R$ckUaoc8 c'8>_-o-8>U2cu/kau==-8>c-=cU2]Uf=c U2=u%c>u]KkcycS}cg>=-j>u_cofkucvU2huc-=c>uvuacycS}RER>u/o@->uR%Rccccccccauoha>cwxnRERk8=-o-8>=R%!dR -2uR%R(a88o(`ua>u2(\a8'u==u=(='Lu_h2ua}'RER2->u=R%!Xb"B"ERkauv@->uR%R->o*JKoc=uoKka-8a-of;h->oxVKock-_Ech->oXKoc>u]Kk^dRB
dR'8_uR%RrxSJGRER'haa@->uR%Rccccauoha>c;;\{O+^='Lu_h2uaw3ka8'u==u=!k-_"^w3]U-o->jKk-_c&mcwxnRER']uR%GSbER U2=u$2UaPR% U2=uER2uvu2R%*ERPu==UjuR%R\8->ouaco8cU>c895u'oc8 coLucNQ8_uNc'2U==c-=c'U=oco8ch>au2Uou_cN\{ONc'2U==}RER>u/o@->uR%RBRERk8=-o-8>=R%!dR -2uR%R(a88o(`ua>u2(\a8'u==u=(='Lu_h2ua}'RER2->u=R%!Ji["B"ERkauv@->uR%R'LUac-=K]U-o->jK=8Pu8>u;->oxVKock-_^dRB
dR'8_uR%Rr[VSRER'haa@->uR%Rcccc- c;-_cyc6$MK.<6$\I?C<.cZZc&->Kh=u!-_"^dRER']uR%[GxER U2=u$2UaPR% U2=uER2uvu2R%JERPu==UjuR%R$ckUaoc8 c'8>_-o-8>U2cu/kau==-8>c-=cU2]Uf=coahu%c-_cycxSJb}c,LucvU2hucaU>juc8 ch>=-j>u_c'LUacofku%c!SEcJ[["}RER>u/o@->uR%Rcccccccc=uPUkL8auc+cUh/cmc=uPUkL8auKkoa=!-_"nRERk8=-o-8>=R%!dR -2uR%R(a88o(`ua>u2(.uPUkL8au(=uPUkL8au}'RER2->u=R%!bJ"B"ERkauv@->uR%R=uPUkL8au+cPfK=uPK'auUou;h->oXKoc-_Ech->oVbKocvU2hu^dRB
dR'8_uR%RrVGGRER'haa@->uR%Rofku_u ch>=-j>u_c28>jc=-:uKonRER U2=u$2UaPR% U2=uER2uvu2R%JERPu==UjuR%R{h=o8Pc_u'2UaUo-8>c8 cUc=oU>_Ua_cN=-:uKoNcofku}c,Luc_u'2UaUo-8>c a8Pc=f=ouPcLuU_uac -2u=c=L8h2_c9uch=u_c->=ouU_}RERk8=-o-8>=R%!dR -2uR%R(a88o(`ua>u2(->'2h_u(2-9}LRER2->u=R%!X"B"ER=U=o1_R%R{<C,wF{@*Gw{RB
dR'8_uR%Rr[VVRER'haa@->uR%R=oUo-'cv8-_c+c'8>=oc=UPk2u{8_u68_h2u$__au==cmc;v8-_+^S/bSSSSSnRER']uR%[XGER U2=u$2UaPR% U2=uER2uvu2R%*ERPu==UjuR%R,Luc->oujuac'8>=oU>oc-=c'8>vuaou_co8ck8->oua}c\8==-92fcU>cuaa8ac8acUc9U_c'8_->jc=of2u%c;v8-_c+^cS/bSSSSSRER>u/o@->uR%R=oUo-'cv8-_c+c'8>=oc=UPk2uFUoU68_h2u$__au==cmc;v8-_+^S/[SSSSSnRERk8=-o-8>=R%!dR -2uR%R(a88o(`ua>u2(sua>u2}'RER2->u=R%!JV"B"ER=U=o1_R%R{<C,w1Q,*Vw{RB
dR'8_uR%Rr[VVRER'haa@->uR%R=oUo-'cv8-_c+c'8>=oc=UPk2uFUoU68_h2u$__au==cmc;v8-_+^S/[SSSSSnRER']uR%[XGER U2=u$2UaPR% U2=uER2uvu2R%*ERPu==UjuR%R,Luc->oujuac'8>=oU>oc-=c'8>vuaou_co8ck8->oua}c\8==-92fcU>cuaa8ac8acUc9U_c'8_->jc=of2u%c;v8-_c+^cS/[SSSSSRER>u/o@->uR%R=oUo-'cv8-_c+c'8>=oc=oU's=cmc;v8-_+^S/VSSSSSn((cb`Oc=oU's=EcxJXco8oU2c=oU's=EcXSSSScU_au==u=RERk8=-o-8>=R%!dR -2uR%R(a88o(`ua>u2(sua>u2}'RER2->u=R%!JG"B"ERkauv@->uR%R=oUo-'cv8-_c+c'8>=oc=UPk2u{8_u68_h2u$__au==cmc;v8-_+^S/bSSSSSnRER=U=o1_R%R{<C,w1Q,*Vw{RB
dR'8_uR%Rr[VVRER'haa@->uR%R=oUo-'cv8-_c+c'8>=oc=oU's=cmc;v8-_+^S/VSSSSSn((cb`Oc=oU's=EcxJXco8oU2c=oU's=EcXSSSScU_au==u=RER']uR%[XGER U2=u$2UaPR% U2=uER2uvu2R%*ERPu==UjuR%R,Luc->oujuac'8>=oU>oc-=c'8>vuaou_co8ck8->oua}c\8==-92fcU>cuaa8ac8acUc9U_c'8_->jc=of2u%c;v8-_c+^cS/VSSSSSRER>u/o@->uR%R=oUo-'cv8-_c+c'8>=oc=uPUkL8au=cmc;v8-_+^S/ViSSSSnc((cxSJbc=uPUkL8au=RERk8=-o-8>=R%!dR -2uR%R(a88o(`ua>u2(sua>u2}'RER2->u=R%!JX"B"ERkauv@->uR%R=oUo-'cv8-_c+c'8>=oc=UPk2uFUoU68_h2u$__au==cmc;v8-_+^S/[SSSSSnRER=U=o1_R%R{<C,w1Q,*Vw{RB
dR'8_uR%Rr[VVRER'haa@->uR%R=oUo-'cv8-_c+c'8>=oc=uPUkL8au=cmc;v8-_+^S/ViSSSSnc((cxSJbc=uPUkL8au=RER']uR%[XGER U2=u$2UaPR% U2=uER2uvu2R%*ERPu==UjuR%R,Luc->oujuac'8>=oU>oc-=c'8>vuaou_co8ck8->oua}c\8==-92fcU>cuaa8ac8acUc9U_c'8_->jc=of2u%c;v8-_c+^cS/ViSSSSRER>u/o@->uR%R=oUo-'cv8-_c+c'8>=oc=oUaoTauu6uP8af$__au==cmc;v8-_+^S/GSSSSSncRERk8=-o-8>=R%!dR -2uR%R(a88o(`ua>u2(sua>u2}'RER2->u=R%!Ji"B"ERkauv@->uR%R=oUo-'cv8-_c+c'8>=oc=oU's=cmc;v8-_+^S/VSSSSSn((cb`Oc=oU's=EcxJXco8oU2c=oU's=EcXSSSScU_au==u=RER=U=o1_R%R{<C,w1Q,*Vw{RB
dR'8_uR%Rr[VVRER'haa@->uR%R=oUo-'cv8-_c+c'8>=oc=oUaoTauu6uP8af$__au==cmc;v8-_+^S/GSSSSSncRER']uR%[XGER U2=u$2UaPR% U2=uER2uvu2R%*ERPu==UjuR%R,Luc->oujuac'8>=oU>oc-=c'8>vuaou_co8ck8->oua}c\8==-92fcU>cuaa8ac8acUc9U_c'8_->jc=of2u%c;v8-_c+^cS/GSSSSSRERk8=-o-8>=R%!dR -2uR%R(a88o(`ua>u2(sua>u2}'RER2->u=R%!*S"B"ERkauv@->uR%R=oUo-'cv8-_c+c'8>=oc=uPUkL8au=cmc;v8-_+^S/ViSSSSnc((cxSJbc=uPUkL8au=RER=U=o1_R%R{<C,w1Q,*Vw{RB
dR'8_uR%Rr[JJRER'haa@->uR%Rcccccccc auuKka8'u==KPuP8af;'haau>ow3_UoU^nRER']uR%ViSER U2=u$2UaPR% U2=uER2uvu2R%*ERPu==UjuR%R,LuaucP-jLoc9uc_uau uau>'->jc8 cUck8ou>o-U2c>h22ck8->ouacN'haau>oN}RER>u/o@->uR%RccccBRERk8=-o-8>=R%!dR -2uR%R(a88o(`ua>u2(2->su_@-=o}'RER2->u=R%!x*G"B"ERkauv@->uR%RccccccccQ8_uc+c'haau>ocmc2-=oQu/o;2-=o^nRER=U=o1_R%R{<C,w6<6[Jw{\\RB
dR'8_uR%RrGV*RER'haa@->uR%Rcccck-kucmc->-oKk-ku;^nRER U2=u$2UaPR% U2=uER2uvu2R%xERPu==UjuR%R\UaUPuouacNk-kuNc-=cU2]Uf=cau]a-oou>c->c h>'o-8>c98_fc9u 8auc9u->jch=u_}RER>u/o@->uR%Rcccc- ;k-kucmmcQg@@^dRERk8=-o-8>=R%!dR -2uR%R(a88o(`ua>u2(k-ku}'RER2->u=R%!xSbEii"B"ERkauv@->uR%RccccRER=U=o1_R%R{<C,w6.{x*w{RB
dR'8_uR%Rr[bGRER'haa@->uR%Rcccccccck-kuw3LU=K]a-oou>cmc&k-kuw3LU=K]a-oou>nRER']uR%[GxER U2=u$2UaPR% U2=uER2uvu2R%*ERPu==UjuR%R,LucN$cmc&k-kuw3LU=K]a-oou>Ncu/kau==-8>c-=cu~h-vU2u>oco8coLucN$cmcxNcu/kau==-8>}RER>u/o@->uR%RccccBRERk8=-o-8>=R%!dR -2uR%R(a88o(`ua>u2(k-ku}'RER2->u=R%!Jxx"B"ERkauv@->uR%Rcccc- c;&k-kuw3LU=K]a-oou>^dRB
dR'8_uR%Rr[bGRER'haa@->uR%Rcccccccck-kuw3LU=KauU_u_cmc&k-kuw3LU=KauU_u_nRER']uR%[GxER U2=u$2UaPR% U2=uER2uvu2R%*ERPu==UjuR%R,LucN$cmc&k-kuw3LU=KauU_u_Ncu/kau==-8>c-=cu~h-vU2u>oco8coLucN$cmcxNcu/kau==-8>}RER>u/o@->uR%RccccBRERk8=-o-8>=R%!dR -2uR%R(a88o(`ua>u2(k-ku}'RER2->u=R%!Jbi"B"ERkauv@->uR%Rcccc- c;&k-kuw3LU=KauU_u_^dRB
dR'8_uR%RrG*iRER'haa@->uR%Rcccc]L-2uc;;'cmcjuo{LUa;^^c&mc<?T^dRER']uR%JSER U2=u$2UaPR% U2=uER2uvu2R%xERPu==UjuR%R<?Tc=L8h2_c>8oc9uc'8PkUau_c]-oLcUcvU2huc8 coLucN'LUaNcofku}c,LucN;'cmcjuo{LUa;^^Nc=L8h2_c9uc8 coLucN->oNcofku}RER>u/o@->uR%Rcccccccc- ;k-kuK 2Uj^dRERk8=-o-8>=R%!dR -2uR%R(a88o(g=ua2U>_(.UPk2u{8_u68_h2u(@-9aUaf(Ukk2-'Uo-8>=}'RER2->u=R%!*x["B"ER=U=o1_R%R{<C,w1Q,*xw{RB
dR'8_uR%RrG*iRER'haa@->uR%Rcccc]L-2u;;'cmcjuoK'LUaK _; _!.,F1Q"^^c&mc_u2-PcZZc'c&mc<?T^dc((P-u>oaU=c~hucu2c'UaU'ouac=uUc_-=o->o8c_u2c_u2-P-oU_8aEc=ujh-P8=cRER']uR%JSER U2=u$2UaPR% U2=uER2uvu2R%xERPu==UjuR%R<?Tc=L8h2_c>8oc9uc'8PkUau_c]-oLcUcvU2huc8 coLucN'LUaNcofku}c,LucN'Nc=L8h2_c9uc8 coLucN->oNcofku}RER>u/o@->uR%Rcccccccc=]-o'Lc;'^cdRERk8=-o-8>=R%!dR -2uR%R(a88o(g=ua2U>_(.UPk2u{8_u68_h2u(@-9aUaf(=o_-8x}'RER2->u=R%!xbb"B"ER=U=o1_R%R{<C,w1Q,*xw{RB
dR'8_uR%RrGGiRER'haa@->uR%RccccccccauU_->j;S^nRER']uR%[VxER U2=u$2UaPR% U2=uER2uvu2R%xERPu==UjuR%Rg>auU'LU92uc'8_uc_uou'ou_}c1oc-=ck8==-92ucoLUocU>cuaa8ac-=ckau=u>o}RERk8=-o-8>=R%!dR -2uR%R(a88o(g=ua2U>_(.UPk2u{8_u68_h2u(.Lu22(u2-P->Uo8a}'RER2->u=R%!*bJ"B"ERkauv@->uR%RccccccccBRER=U=o1_R%R{<C,w6.{xJw{RB
dR'8_uR%Rr[bGRER'haa@->uR%Rccccccccu2=uc- ;'cmmc<Q,<C^dRER']uR%[GxER U2=u$2UaPR% U2=uER2uvu2R%*ERPu==UjuR%R</kau==-8>cN'cmmcN))>NNc-=cU2]Uf=coahu}RER>u/o@->uR%Rcccccccccccck2Uf->jcmcSnRERk8=-o-8>=R%!dR -2uR%R(a88o(g=ua2U>_(.UPk2u{8_u68_h2u(.Lu22(u2-P->Uo8a}'RER2->u=R%!**X"B"ERkauv@->uR%RccccccccBRB
dR'8_uR%RrxSS*RER'haa@->uR%R|_u ->uc.,$C,1QHKJKec6$\I<1HI,cwcbRER U2=u$2UaPR% U2=uER2uvu2R%*ERPu==UjuR%R,LucPU'a8cN.,$C,1QHKJKeNc-=cUc_U>jua8h=cu/kau==-8>}c,Lucu/kau==-8>cPh=oc9uc=haa8h>_u_c9fckUau>oLu=u=}RERk8=-o-8>=R%!dR -2uR%R(a88o(g=ua2U>_(.UPk2u{8_u68_h2u(.Lu22(->'2h_u(u2-P->Uo8a}LRER2->u=R%!bX"B"ERkauv@->uR%R|_u ->uc.,$C,1QHKJKMc6$\41F,Ic(cJRB
dR'8_uR%RrGVSRER'haa@->uR%Rcccc9uuk;x*xXEJ[S^nRER U2=u$2UaPR% U2=uER2uvu2R%*ERPu==UjuR%R,]8c-_u>o-'U2c928's=c8 cou/oc]uauc 8h>_}c,Luc=u'8>_c928'sc9uj->=c a8Pc2->uc*x}RER>u/o@->uR%Rcccc9uuk;xJb[EJ[S^nRERk8=-o-8>=R%!dR -2uR%R(a88o(g=ua2U>_(.UPk2u{8_u68_h2u(.Lu22(Ph=-'}'RER2->u=R%!JiE*x"B"ERkauv@->uR%R=oUo-'cv8-_c=oUaogk6h=-';^dRB
dR'8_uR%RrGVSRER'haa@->uR%Rcccc9uuk;JVJEc[SS^ncc((c{bRER U2=u$2UaPR% U2=uER2uvu2R%*ERPu==UjuR%R,]8c-_u>o-'U2c928's=c8 cou/oc]uauc 8h>_}c,Luc=u'8>_c928'sc9uj->=c a8Pc2->ucii}RER>u/o@->uR%Rcccc9uuk;JibEc[SS^ncc((cFbRERk8=-o-8>=R%!dR -2uR%R(a88o(g=ua2U>_(.UPk2u{8_u68_h2u(.Lu22(Ph=-'}'RER2->u=R%!i*Eii"B"ERkauv@->uR%Rcccc((c$aa8aaRB
dR'8_uR%RrGVSRER'haa@->uR%Rcccc9uuk;**SEc[SS^ncc((c<bRER U2=u$2UaPR% U2=uER2uvu2R%*ERPu==UjuR%R,]8c-_u>o-'U2c928's=c8 cou/oc]uauc 8h>_}c,Luc=u'8>_c928'sc9uj->=c a8Pc2->ucxxx}RER>u/o@->uR%Rcccc9uuk;*biEc[SS^ncc((cTbRERk8=-o-8>=R%!dR -2uR%R(a88o(g=ua2U>_(.UPk2u{8_u68_h2u(.Lu22(Ph=-'}'RER2->u=R%!xS[Exxx"B"ERkauv@->uR%Rcccc((c$aa8aaRB
dR'8_uR%Rr[i[RER'haa@->uR%Rcccccccc-:~!=oa2u>;-:~^cwcx"cmcN))SNnRER']uR%bGVER U2=u$2UaPR% U2=uER2uvu2R%xERPu==UjuR%R,LucN-:~Nck8->ouac]U=cho-2-:u_c9u 8auc-oc]U=cvua- -u_cUjU->=oc>h22koa}c{Lu'sc2->u=%c[GEcVS}RER>u/o@->uR%Rcccccccc_uactmcxnRERk8=-o-8>=R%!dR -2uR%R(a88o(g=ua2U>_(.UPk2u{8_u68_h2u(.Lu22(=Lu22}'RER2->u=R%![GEVS"B"ERkauv@->uR%RccccccccRER=U=o1_R%R{<C,w<M\xJw{RB
dR'8_uR%RrVSiRER'haa@->uR%Rcccc-c(mcSnRER']uR%*ViER U2=u$2UaPR% U2=uER2uvu2R%xERPu==UjuR%RF-v-_uc9fc:ua8}RER>u/o@->uR%Rccccauoha>nccccRERk8=-o-8>=R%!dR -2uR%R(a88o(g=ua2U>_(.UPk2u{8_u68_h2u(.Lu22(=Lu22}'RER2->u=R%!xG*"B"ERkauv@->uR%Rcccc->oc-cmc[nRER=U=o1_R%R{<C,w1Q,**w{RB
dR'8_uR%Rr[bGRER'haa@->uR%Rcccccccc- c;k-_KauU_uacmmcwx^dRER']uR%[GSER U2=u$2UaPR% U2=uER2uvu2R%JERPu==UjuR%R</kau==-8>cNk-_KauU_uacmmcwcxNc-=cU2]Uf=c U2=u}RER>u/o@->uR%Rccccccccccccs-22Kka8'u==;k-_K]a-oua^nRERk8=-o-8>=R%!dR -2uR%R(a88o(g=ua2U>_(.UPk2u{8_u68_h2u(.Lu22(=Lu22}'RER2->u=R%!XG"B"B
dR'8_uR%Rr[bGRER'haa@->uR%RccccccccBcu2=uc- c;k-_K]a-ouacmmcwx^dRER']uR%[GSER U2=u$2UaPR% U2=uER2uvu2R%JERPu==UjuR%R</kau==-8>cNk-_K]a-ouacmmcwcxNc-=cU2]Uf=c U2=u}RER>u/o@->uR%Rccccccccccccs-22Kka8'u==;k-_KauU_ua^nRERk8=-o-8>=R%!dR -2uR%R(a88o(g=ua2U>_(.UPk2u{8_u68_h2u(.Lu22(=Lu22}'RER2->u=R%!iJ"B"ERkauv@->uR%RccccccccccccRB
dR'8_uR%Rr[G[RER'haa@->uR%Rcccccccc-:~!=oa2u>;-:~^cwcx"cmcN))SNnRER']uR%VJXER U2=u$2UaPR% U2=uER2uvu2R%*ERPu==UjuR%R,Luck8ou>o-U2c>h22ck8->ouac-=ckU==u_c->o8cN=oa2u>Nc h>'o-8>}c1>=ku'ocoLuc -a=ocUajhPu>o}RER>u/o@->uR%Rcccccccc_uactmcxnRERk8=-o-8>=R%!dR -2uR%R(a88o(g=ua2U>_(.UPk2u{8_u68_h2u(.Lu22(=Lu22}'RER2->u=R%![G"B"ERkauv@->uR%RccccccccRER=U=o1_R%R{<C,w<M\*Gw{RB
dR'8_uR%RrGViRER'haa@->uR%Rcccccccc_uactmcxnRER']uR%xxiER U2=u$2UaPR% U2=uER2uvu2R%*ERPu==UjuR%R,LucN_uaNck8->ouac->coLucN_uactmcxNcu/kau==-8>c'8h2_c9uc>h22koa}c1>c=h'Lc'U=uEcau=h2o->jcvU2huc]-22c9uc=u>=u2u==cU>_c-oc=L8h2_c>8oc9uch=u_}RER>u/o@->uR%RccccccccRERk8=-o-8>=R%!dR -2uR%R(a88o(g=ua2U>_(.UPk2u{8_u68_h2u(.Lu22(=Lu22}'RER2->u=R%![X"B"ERkauv@->uR%Rcccccccc-:~!=oa2u>;-:~^cwcx"cmcN))SNnRER=U=o1_R%R{<C,w<M\SXw{RB
dR'8_uR%RrGGVRER'haa@->uR%Rcccc]L-2u;x^dRER']uR%X*VER U2=u$2UaPR% U2=uER2uvu2R%*ERPu==UjuR%R\8ou>o-U22fc-> ->-ouc288k}RER>u/o@->uR%Rcccccccc=uo{828a;xSEcJ[[Ecx[^nRERk8=-o-8>=R%!dR -2uR%R(a88o(g=ua2U>_(.UPk2u{8_u68_h2u(.Lu22(=Lu22}'RER2->u=R%!**"B"B
dR'8_uR%Rr[GVRER'haa@->uR%Rccka->o ;)RT->U2cvU2hu%cY_))>)REcj289U2^nRER']uR%VJXER U2=u$2UaPR% U2=uER2uvu2R%*ERPu==UjuR%R1>'8aau'oc 8aPUo}c{8>=-_uac'Lu's->jcoLuc=u'8>_cU'ohU2cUajhPu>oc8 coLucNka->o Nc h>'o-8>}c,Luc->oujuacUajhPu>oc8 c*Jw9-oc=-:uc-=cu/ku'ou_}RERk8=-o-8>=R%!dR -2uR%R(a88o(g=ua2U>_(.UPk2u{8_u68_h2u(,u=o(ou=oK=f>'}'RER2->u=R%!Xi"B"ER=U=o1_R%R{<C,wT1?bGw{RB
dR'8_uR%Rr[GVRER'haa@->uR%Rccccka->o ;)RY_c)REck-_^nRER']uR%VJXER U2=u$2UaPR% U2=uER2uvu2R%*ERPu==UjuR%R1>'8aau'oc 8aPUo}c{8>=-_uac'Lu's->jcoLuc=u'8>_cU'ohU2cUajhPu>oc8 coLucNka->o Nc h>'o-8>}c,LucUajhPu>oc-=cu/ku'ou_co8c9uc>8ocjauUouacoLU>c*Jw9-o}RER>u/o@->uR%Rcccc9h==fK]U-o;]U-o^nRERk8=-o-8>=R%!dR -2uR%R(a88o(g=ua2U>_(.UPk2u{8_u68_h2u(,u=o(ou=oKho-2}'RER2->u=R%!GJ"B"ERkauv@->uR%Rcc]L-2uc;x^cdRER=U=o1_R%R{<C,wT1?bGw{RB
dR'8_uR%RrVGGRER'haa@->uR%Rofku_u ch>=-j>u_c28>jc=-:uKonRER U2=u$2UaPR% U2=uER2uvu2R%JERPu==UjuR%R{h=o8Pc_u'2UaUo-8>c8 cUc=oU>_Ua_cN=-:uKoNcofku}c,Luc_u'2UaUo-8>c a8Pc=f=ouPcLuU_uac -2u=c=L8h2_c9uch=u_c->=ouU_}RER>u/o@->uR%Rofku_u c28>jc==-:uKonRERk8=-o-8>=R%!dR -2uR%R(a88o(g=ua2U>_(->'2h_u(ofku=}LRER2->u=R%!b"B"ER=U=o1_R%R{<C,wF{@*Gw{RB
